<?xml version="1.0" encoding="UTF-8"?>
<!-- Generated by org.testng.reporters.JUnitReportReporter -->
<testsuite hostname="DESKTOP-1429IRN" failures="0" tests="3" name="storeTest.TestSearch" time="4.529" errors="0" timestamp="2023-08-25T02:33:28 ART" skipped="0">
  <testcase classname="storeTest.TestSearch" name="Searchproduct" time="0.964"/>
  <system-out/>
  <testcase classname="storeTest.TestSearch" name="selectproduct" time="2.268"/>
  <system-out/>
  <testcase classname="storeTest.TestSearch" name="removeItem" time="1.297"/>
  <system-out/>
</testsuite> <!-- storeTest.TestSearch -->
